<?xml version="1.0" encoding="UTF-8"?>
<!-- Generated by org.testng.reporters.JUnitReportReporter -->
<testsuite hostname="KashishGupta" failures="0" tests="1" name="Simple.TestngOrderAssignment" time="0.011" errors="0" timestamp="2023-05-20T20:25:32 IST" skipped="0">
  <testcase classname="Simple.TestngOrderAssignment" name="testCase1" time="0.011"/>
  <system-out/>
</testsuite> <!-- Simple.TestngOrderAssignment -->
