<?xml version="1.0" encoding="UTF-8"?>
<!-- Generated by org.testng.reporters.JUnitReportReporter -->
<testsuite hostname="KashishGupta" failures="0" tests="4" name="Simple.PopUpAssignment" time="37.648" errors="0" timestamp="2023-05-20T13:25:49 IST" skipped="0">
  <testcase classname="Simple.PopUpAssignment" name="launch" time="15.358"/>
  <system-out/>
  <testcase classname="Simple.PopUpAssignment" name="initilize" time="7.461"/>
  <system-out/>
  <testcase classname="Simple.PopUpAssignment" name="popupTest" time="12.703"/>
  <system-out/>
  <testcase classname="Simple.PopUpAssignment" name="destroy" time="2.126"/>
  <system-out/>
</testsuite> <!-- Simple.PopUpAssignment -->
