<?xml version="1.0" encoding="UTF-8"?>
<!-- Generated by org.testng.reporters.JUnitReportReporter -->
<testsuite hostname="KashishGupta" failures="0" tests="4" name="Simple.WebTable" time="22.729" errors="0" timestamp="2023-05-20T17:17:30 IST" skipped="0">
  <testcase classname="Simple.WebTable" name="launch" time="9.340"/>
  <system-out/>
  <testcase classname="Simple.WebTable" name="login" time="6.247"/>
  <system-out/>
  <testcase classname="Simple.WebTable" name="testprintWebTable" time="4.977"/>
  <system-out/>
  <testcase classname="Simple.WebTable" name="destroy" time="2.165"/>
  <system-out/>
</testsuite> <!-- Simple.WebTable -->
