<?xml version="1.0" encoding="UTF-8"?>
<!-- Generated by org.testng.reporters.JUnitReportReporter -->
<testsuite hostname="KashishGupta" failures="0" tests="4" name="Simple.IFrame" time="21.780" errors="0" timestamp="2023-05-20T16:50:07 IST" skipped="0">
  <testcase classname="Simple.IFrame" name="launch" time="8.326"/>
  <system-out/>
  <testcase classname="Simple.IFrame" name="login" time="3.526"/>
  <system-out/>
  <testcase classname="Simple.IFrame" name="iFrame" time="8.559"/>
  <system-out/>
  <testcase classname="Simple.IFrame" name="destroy" time="1.369"/>
  <system-out/>
</testsuite> <!-- Simple.IFrame -->
