<?xml version="1.0" encoding="UTF-8"?>
<!-- Generated by org.testng.reporters.JUnitReportReporter -->
<testsuite hostname="KashishGupta" failures="0" tests="3" name="Simple.TestngGroupsSuits" time="0.008" errors="0" timestamp="2023-05-20T20:28:13 IST" skipped="0">
  <testcase classname="Simple.TestngGroupsSuits" name="testcase1" time="0.005"/>
  <system-out/>
  <testcase classname="Simple.TestngGroupsSuits" name="testcase3" time="0.002"/>
  <system-out/>
  <testcase classname="Simple.TestngGroupsSuits" name="testcase2" time="0.001"/>
  <system-out/>
</testsuite> <!-- Simple.TestngGroupsSuits -->
