<?xml version="1.0" encoding="UTF-8"?>
<!-- Generated by org.testng.reporters.JUnitReportReporter -->
<testsuite hostname="KashishGupta" failures="0" tests="1" name="Simple.TestngTest" time="3.550" errors="0" timestamp="2023-05-20T20:45:49 IST" skipped="0">
  <testcase classname="Simple.TestngTest" name="testloginMagnus" time="3.550"/>
  <system-out/>
</testsuite> <!-- Simple.TestngTest -->
