<?xml version="1.0" encoding="UTF-8"?>
<!-- Generated by org.testng.reporters.JUnitReportReporter -->
<testsuite hostname="KashishGupta" failures="0" tests="4" name="Simple.WebDriverMethod" time="35.553" errors="0" timestamp="2023-05-20T12:44:06 IST" skipped="0">
  <testcase classname="Simple.WebDriverMethod" name="launch" time="13.963"/>
  <system-out/>
  <testcase classname="Simple.WebDriverMethod" name="login" time="19.251"/>
  <system-out/>
  <testcase classname="Simple.WebDriverMethod" name="testCase2" time="0.802"/>
  <system-out/>
  <testcase classname="Simple.WebDriverMethod" name="destroy" time="1.537"/>
  <system-out/>
</testsuite> <!-- Simple.WebDriverMethod -->
