<?xml version="1.0" encoding="UTF-8"?>
<!-- Generated by org.testng.reporters.JUnitReportReporter -->
<testsuite hostname="KashishGupta" failures="0" tests="1" name="Simple.ScreenshotAssignment" time="13.347" errors="0" timestamp="2023-05-20T17:44:38 IST" skipped="0">
  <testcase classname="Simple.ScreenshotAssignment" name="screenShot" time="13.347"/>
  <system-out/>
</testsuite> <!-- Simple.ScreenshotAssignment -->
