<?xml version="1.0" encoding="UTF-8"?>
<!-- Generated by org.testng.reporters.JUnitReportReporter -->
<testsuite hostname="KashishGupta" failures="0" tests="5" name="Simple.WebOperationAssignment" time="43.624" errors="0" timestamp="2023-05-20T10:18:50 IST" skipped="0">
  <testcase classname="Simple.WebOperationAssignment" name="launch" time="14.987"/>
  <system-out/>
  <testcase classname="Simple.WebOperationAssignment" name="login" time="3.536"/>
  <system-out/>
  <testcase classname="Simple.WebOperationAssignment" name="initialize" time="19.268"/>
  <system-out/>
  <testcase classname="Simple.WebOperationAssignment" name="checkbox" time="4.239"/>
  <system-out/>
  <testcase classname="Simple.WebOperationAssignment" name="destroy" time="1.594"/>
  <system-out/>
</testsuite> <!-- Simple.WebOperationAssignment -->
