<?xml version="1.0" encoding="UTF-8"?>
<!-- Generated by org.testng.reporters.JUnitReportReporter -->
<testsuite hostname="KashishGupta" failures="0" tests="2" name="Simple.HandleCookie" time="14.411" errors="0" timestamp="2023-05-20T18:34:40 IST" skipped="0">
  <testcase classname="Simple.HandleCookie" name="launch" time="9.586"/>
  <system-out/>
  <testcase classname="Simple.HandleCookie" name="initilize" time="4.825"/>
  <system-out/>
</testsuite> <!-- Simple.HandleCookie -->
