<?xml version="1.0" encoding="UTF-8"?>
<!-- Generated by org.testng.reporters.JUnitReportReporter -->
<testsuite hostname="KashishGupta" failures="0" tests="4" name="Simple.Assignment1" time="25.526" errors="0" timestamp="2023-05-19T05:41:34 IST" skipped="0">
  <testcase classname="Simple.Assignment1" name="f" time="14.073"/>
  <system-out/>
  <testcase classname="Simple.Assignment1" name="locate" time="0.174"/>
  <system-out/>
  <testcase classname="Simple.Assignment1" name="autoscript" time="9.850"/>
  <system-out/>
  <testcase classname="Simple.Assignment1" name="destroy" time="1.429"/>
  <system-out/>
</testsuite> <!-- Simple.Assignment1 -->
