<?xml version="1.0" encoding="UTF-8"?>
<!-- Generated by org.testng.reporters.JUnitReportReporter -->
<testsuite hostname="KashishGupta" failures="0" tests="3" name="Simple.TestngPriority" time="12.055" errors="0" timestamp="2023-05-20T20:33:50 IST" skipped="0">
  <testcase classname="Simple.TestngPriority" name="initilize" time="6.070"/>
  <system-out/>
  <testcase classname="Simple.TestngPriority" name="login" time="3.243"/>
  <system-out/>
  <testcase classname="Simple.TestngPriority" name="destroy" time="2.742"/>
  <system-out/>
</testsuite> <!-- Simple.TestngPriority -->
